2025-06-18T09:38:30.318Z [ERROR]: No test files found for path: tests/tests2.yaml
2025-06-18T09:39:32.302Z [ERROR]: No test files found for path: tests/tests2.yaml
